<?xml version="1.0" encoding="UTF-8"?>
<configuration>

	<embedded name="teiidEmbeddedInstance">
		<properties>
		</properties>
	
	</embedded>
	
    <transactionmgr>          
    </transactionmgr>	

	<translators>
        <translator name="file-translator">
            <connectorName>file-connector</connectorName>
            <type>file</type>
            <properties>
            </properties>
                   
        </translator>

	</translators>
	
	<connectors>

        <connector name="file-connector">
            <type>file</type>
            <jndiName>java:/marketdata-file</jndiName>
            <properties>
                <property name="ParentDirectory">src/test/resources/data</property>
            </properties>
        
        </connector>  			
	</connectors>
	<vdbs>
		<vdb>test-embedded-driver-vdb.xml</vdb>
	</vdbs>
</configuration>

